  [1m[36m (101.3ms)[0m  [1mCREATE TABLE "schema_migrations" ("version" varchar NOT NULL) [0m
  [1m[35m (0.1ms)[0m  select sqlite_version(*)
  [1m[36m (100.0ms)[0m  [1mCREATE UNIQUE INDEX "unique_schema_migrations" ON "schema_migrations" ("version")[0m
  [1m[35mActiveRecord::SchemaMigration Load (0.1ms)[0m  SELECT "schema_migrations".* FROM "schema_migrations"
Migrating to CreateTalents (20151118202331)
  [1m[36m (0.1ms)[0m  [1mbegin transaction[0m
  [1m[35m (0.4ms)[0m  CREATE TABLE "talents" ("id" INTEGER PRIMARY KEY AUTOINCREMENT NOT NULL, "First" varchar, "Last" varchar, "Talent" varchar, "Description" text, "done" boolean, "created_at" datetime NOT NULL, "updated_at" datetime NOT NULL) 
  [1m[36mSQL (0.1ms)[0m  [1mINSERT INTO "schema_migrations" ("version") VALUES (?)[0m  [["version", "20151118202331"]]
  [1m[35m (104.3ms)[0m  commit transaction
  [1m[36mActiveRecord::SchemaMigration Load (0.1ms)[0m  [1mSELECT "schema_migrations".* FROM "schema_migrations"[0m


Started GET "/talents" for 127.0.0.1 at 2015-11-18 12:24:19 -0800
  [1m[36mActiveRecord::SchemaMigration Load (0.1ms)[0m  [1mSELECT "schema_migrations".* FROM "schema_migrations"[0m
Processing by TalentsController#index as HTML
  [1m[35mTalent Load (0.1ms)[0m  SELECT "talents".* FROM "talents"
  Rendered talents/index.html.erb within layouts/application (2.1ms)
Completed 200 OK in 1006ms (Views: 986.3ms | ActiveRecord: 0.2ms)


Started GET "/assets/scaffolds.self-e99abc949d57cb2f6de0fb85ea801aa87c4e8c82c9ee45efe9d65bcf9fdf73d0.css?body=1" for 127.0.0.1 at 2015-11-18 12:24:21 -0800


Started GET "/assets/talents.self-e3b0c44298fc1c149afbf4c8996fb92427ae41e4649b934ca495991b7852b855.css?body=1" for 127.0.0.1 at 2015-11-18 12:24:21 -0800


Started GET "/assets/talents.self-877aef30ae1b040ab8a3aba4e3e309a11d7f2612f44dde450b5c157aa5f95c05.js?body=1" for 127.0.0.1 at 2015-11-18 12:24:21 -0800


Started GET "/talents/new" for 127.0.0.1 at 2015-11-18 12:24:34 -0800
Processing by TalentsController#new as HTML
  Rendered talents/_form.html.erb (64.4ms)
  Rendered talents/new.html.erb within layouts/application (116.5ms)
Completed 200 OK in 157ms (Views: 147.8ms | ActiveRecord: 0.8ms)


Started POST "/talents" for 127.0.0.1 at 2015-11-18 12:25:18 -0800
Processing by TalentsController#create as HTML
  Parameters: {"utf8"=>"✓", "authenticity_token"=>"ifT2IATUicAX4Da8kkk1JYw3cKSAzTADkROtd5ySQMrOVWBybP1Goh+1XY5Ugj+JTv1VGbO5xr4WrRCluWwUPA==", "talent"=>{"First"=>"Donkey", "Last"=>"Kong", "Talent"=>"Throwing", "Description"=>"Can throw barrels to guard princesses from plumbers", "done"=>"1"}, "commit"=>"Create Talent"}
  [1m[36m (0.1ms)[0m  [1mbegin transaction[0m
  [1m[35mSQL (0.3ms)[0m  INSERT INTO "talents" ("First", "Last", "Talent", "Description", "done", "created_at", "updated_at") VALUES (?, ?, ?, ?, ?, ?, ?)  [["First", "Donkey"], ["Last", "Kong"], ["Talent", "Throwing"], ["Description", "Can throw barrels to guard princesses from plumbers"], ["done", "t"], ["created_at", "2015-11-18 20:25:18.280332"], ["updated_at", "2015-11-18 20:25:18.280332"]]
  [1m[36m (133.4ms)[0m  [1mcommit transaction[0m
Redirected to http://localhost:3000/talents/1
Completed 302 Found in 140ms (ActiveRecord: 133.8ms)


Started GET "/talents/1" for 127.0.0.1 at 2015-11-18 12:25:18 -0800
Processing by TalentsController#show as HTML
  Parameters: {"id"=>"1"}
  [1m[35mTalent Load (0.1ms)[0m  SELECT  "talents".* FROM "talents" WHERE "talents"."id" = ? LIMIT 1  [["id", 1]]
  Rendered talents/show.html.erb within layouts/application (1.7ms)
Completed 200 OK in 67ms (Views: 26.3ms | ActiveRecord: 0.1ms)


Started GET "/talents" for 127.0.0.1 at 2015-11-18 12:30:08 -0800
Processing by TalentsController#index as HTML
  [1m[36mTalent Load (0.1ms)[0m  [1mSELECT "talents".* FROM "talents"[0m
  Rendered talents/index.html.erb within layouts/application (1.5ms)
Completed 200 OK in 41ms (Views: 40.3ms | ActiveRecord: 0.1ms)


Started GET "/talents" for 127.0.0.1 at 2015-11-18 12:43:58 -0800
  [1m[36mActiveRecord::SchemaMigration Load (0.1ms)[0m  [1mSELECT "schema_migrations".* FROM "schema_migrations"[0m
Processing by TalentsController#index as HTML
  [1m[35mTalent Load (0.2ms)[0m  SELECT "talents".* FROM "talents"
  Rendered talents/index.html.erb within layouts/application (6.2ms)
Completed 200 OK in 200ms (Views: 191.8ms | ActiveRecord: 0.3ms)


Started GET "/assets/application.self-e80e8f2318043e8af94dddc2adad5a4f09739a8ebb323b3ab31cd71d45fd9113.css?body=1" for 127.0.0.1 at 2015-11-18 12:43:59 -0800


Started GET "/assets/jquery_ujs.self-d456baa54c1fa6be2ec3711f0a72ddf7a5b2f34a6b4f515f33767d6207b7d4b3.js?body=1" for 127.0.0.1 at 2015-11-18 12:43:59 -0800


Started GET "/assets/styles.self-fe15eae685ae057952148b47f107fa43271fc1121459176657f5df236c20c90d.css?body=1" for 127.0.0.1 at 2015-11-18 12:43:59 -0800


Started GET "/assets/turbolinks.self-c37727e9bd6b2735da5c311aa83fead54ed0be6cc8bd9a65309e9c5abe2cbfff.js?body=1" for 127.0.0.1 at 2015-11-18 12:43:59 -0800


Started GET "/assets/jquery.self-a714331225dda820228db323939889f149aec0127aeb06255646b616ba1ca419.js?body=1" for 127.0.0.1 at 2015-11-18 12:43:59 -0800


Started GET "/assets/talents.self-877aef30ae1b040ab8a3aba4e3e309a11d7f2612f44dde450b5c157aa5f95c05.js?body=1" for 127.0.0.1 at 2015-11-18 12:43:59 -0800


Started GET "/assets/application.self-3b8dabdc891efe46b9a144b400ad69e37d7e5876bdc39dee783419a69d7ca819.js?body=1" for 127.0.0.1 at 2015-11-18 12:43:59 -0800


Started GET "/talents" for 127.0.0.1 at 2015-11-18 13:01:53 -0800
  [1m[36mActiveRecord::SchemaMigration Load (0.1ms)[0m  [1mSELECT "schema_migrations".* FROM "schema_migrations"[0m
Processing by TalentsController#index as HTML
  [1m[35mTalent Load (0.1ms)[0m  SELECT "talents".* FROM "talents"
  Rendered talents/index.html.erb within layouts/application (6.0ms)
Completed 200 OK in 339ms (Views: 330.3ms | ActiveRecord: 0.4ms)


Started GET "/assets/application.self-cabd72920a7cf62d824a300de22db9bd6cb86c1a2d6dfb4a6eda160ddf9711b7.css?body=1" for 127.0.0.1 at 2015-11-18 13:01:53 -0800


Started GET "/assets/bootstrap.min.self-6655d1384d1509415d234003e6f81cf5de3d688790aaadc1091aa5bb5795b1f1.css?body=1" for 127.0.0.1 at 2015-11-18 13:01:53 -0800


Started GET "/assets/npm.self-f66d504f2cd5bddaaade9c854b02828e5e46d225517ab9feebe1af2615566b1e.js?body=1" for 127.0.0.1 at 2015-11-18 13:01:53 -0800


Started GET "/assets/bootstrap.min.self-075878ec6a19d24f3b46052eb9e0e5bb5c2a098ac50d05d8e3a21309d129273a.js?body=1" for 127.0.0.1 at 2015-11-18 13:01:53 -0800


Started GET "/assets/bootstrap.self-6c92f650931beefe48977f272b7015d6b9b45da8b09831ebf88e05193c12d355.js?body=1" for 127.0.0.1 at 2015-11-18 13:01:53 -0800


Started GET "/assets/application.self-f8806224e027f3e3f0138ea9ce99319e298dfdb323304d1f1be6eae8e8c74724.js?body=1" for 127.0.0.1 at 2015-11-18 13:01:53 -0800


Started GET "/assets/styles.self-fe15eae685ae057952148b47f107fa43271fc1121459176657f5df236c20c90d.css?body=1" for 127.0.0.1 at 2015-11-18 13:01:53 -0800


Started GET "/assets/jquery.self-a714331225dda820228db323939889f149aec0127aeb06255646b616ba1ca419.js?body=1" for 127.0.0.1 at 2015-11-18 13:01:53 -0800


Started GET "/assets/jquery_ujs.self-d456baa54c1fa6be2ec3711f0a72ddf7a5b2f34a6b4f515f33767d6207b7d4b3.js?body=1" for 127.0.0.1 at 2015-11-18 13:01:53 -0800


Started GET "/assets/turbolinks.self-c37727e9bd6b2735da5c311aa83fead54ed0be6cc8bd9a65309e9c5abe2cbfff.js?body=1" for 127.0.0.1 at 2015-11-18 13:01:53 -0800


Started GET "/assets/talents.self-877aef30ae1b040ab8a3aba4e3e309a11d7f2612f44dde450b5c157aa5f95c05.js?body=1" for 127.0.0.1 at 2015-11-18 13:01:53 -0800


Started GET "/talents" for 127.0.0.1 at 2015-11-18 13:02:38 -0800
  [1m[36mActiveRecord::SchemaMigration Load (0.1ms)[0m  [1mSELECT "schema_migrations".* FROM "schema_migrations"[0m
Processing by TalentsController#index as HTML
  [1m[35mTalent Load (0.2ms)[0m  SELECT "talents".* FROM "talents"
  Rendered talents/index.html.erb within layouts/application (5.7ms)
Completed 200 OK in 151ms (Views: 143.1ms | ActiveRecord: 0.3ms)


Started GET "/assets/application.self-0cb69ba8e460a6891e32628e5eb8005ef59342ae62e8b3461d6b484e32405810.css?body=1" for 127.0.0.1 at 2015-11-18 13:02:38 -0800


Started GET "/assets/styles.self-fe15eae685ae057952148b47f107fa43271fc1121459176657f5df236c20c90d.css?body=1" for 127.0.0.1 at 2015-11-18 13:02:38 -0800


Started GET "/assets/bootstrap.min.self-6655d1384d1509415d234003e6f81cf5de3d688790aaadc1091aa5bb5795b1f1.css?body=1" for 127.0.0.1 at 2015-11-18 13:02:38 -0800


Started GET "/assets/jquery.self-a714331225dda820228db323939889f149aec0127aeb06255646b616ba1ca419.js?body=1" for 127.0.0.1 at 2015-11-18 13:02:38 -0800


Started GET "/assets/jquery_ujs.self-d456baa54c1fa6be2ec3711f0a72ddf7a5b2f34a6b4f515f33767d6207b7d4b3.js?body=1" for 127.0.0.1 at 2015-11-18 13:02:38 -0800


Started GET "/assets/turbolinks.self-c37727e9bd6b2735da5c311aa83fead54ed0be6cc8bd9a65309e9c5abe2cbfff.js?body=1" for 127.0.0.1 at 2015-11-18 13:02:38 -0800


Started GET "/assets/bootstrap.self-6c92f650931beefe48977f272b7015d6b9b45da8b09831ebf88e05193c12d355.js?body=1" for 127.0.0.1 at 2015-11-18 13:02:38 -0800


Started GET "/assets/bootstrap.min.self-075878ec6a19d24f3b46052eb9e0e5bb5c2a098ac50d05d8e3a21309d129273a.js?body=1" for 127.0.0.1 at 2015-11-18 13:02:38 -0800


Started GET "/assets/npm.self-f66d504f2cd5bddaaade9c854b02828e5e46d225517ab9feebe1af2615566b1e.js?body=1" for 127.0.0.1 at 2015-11-18 13:02:38 -0800


Started GET "/assets/talents.self-877aef30ae1b040ab8a3aba4e3e309a11d7f2612f44dde450b5c157aa5f95c05.js?body=1" for 127.0.0.1 at 2015-11-18 13:02:38 -0800


Started GET "/assets/application.self-f8806224e027f3e3f0138ea9ce99319e298dfdb323304d1f1be6eae8e8c74724.js?body=1" for 127.0.0.1 at 2015-11-18 13:02:38 -0800


Started GET "/talents" for 127.0.0.1 at 2015-11-18 13:02:41 -0800
Processing by TalentsController#index as HTML
  [1m[36mTalent Load (0.2ms)[0m  [1mSELECT "talents".* FROM "talents"[0m
  Rendered talents/index.html.erb within layouts/application (1.5ms)
Completed 200 OK in 58ms (Views: 56.9ms | ActiveRecord: 0.2ms)


Started GET "/assets/application.self-0cb69ba8e460a6891e32628e5eb8005ef59342ae62e8b3461d6b484e32405810.css?body=1" for 127.0.0.1 at 2015-11-18 13:02:41 -0800


Started GET "/assets/bootstrap.min.self-6655d1384d1509415d234003e6f81cf5de3d688790aaadc1091aa5bb5795b1f1.css?body=1" for 127.0.0.1 at 2015-11-18 13:02:41 -0800


Started GET "/assets/jquery.self-a714331225dda820228db323939889f149aec0127aeb06255646b616ba1ca419.js?body=1" for 127.0.0.1 at 2015-11-18 13:02:41 -0800


Started GET "/assets/styles.self-fe15eae685ae057952148b47f107fa43271fc1121459176657f5df236c20c90d.css?body=1" for 127.0.0.1 at 2015-11-18 13:02:41 -0800


Started GET "/assets/turbolinks.self-c37727e9bd6b2735da5c311aa83fead54ed0be6cc8bd9a65309e9c5abe2cbfff.js?body=1" for 127.0.0.1 at 2015-11-18 13:02:41 -0800


Started GET "/assets/jquery_ujs.self-d456baa54c1fa6be2ec3711f0a72ddf7a5b2f34a6b4f515f33767d6207b7d4b3.js?body=1" for 127.0.0.1 at 2015-11-18 13:02:41 -0800


Started GET "/assets/bootstrap.self-6c92f650931beefe48977f272b7015d6b9b45da8b09831ebf88e05193c12d355.js?body=1" for 127.0.0.1 at 2015-11-18 13:02:41 -0800


Started GET "/assets/bootstrap.min.self-075878ec6a19d24f3b46052eb9e0e5bb5c2a098ac50d05d8e3a21309d129273a.js?body=1" for 127.0.0.1 at 2015-11-18 13:02:41 -0800


Started GET "/assets/npm.self-f66d504f2cd5bddaaade9c854b02828e5e46d225517ab9feebe1af2615566b1e.js?body=1" for 127.0.0.1 at 2015-11-18 13:02:41 -0800


Started GET "/assets/talents.self-877aef30ae1b040ab8a3aba4e3e309a11d7f2612f44dde450b5c157aa5f95c05.js?body=1" for 127.0.0.1 at 2015-11-18 13:02:41 -0800


Started GET "/assets/application.self-f8806224e027f3e3f0138ea9ce99319e298dfdb323304d1f1be6eae8e8c74724.js?body=1" for 127.0.0.1 at 2015-11-18 13:02:41 -0800


Started GET "/talents" for 127.0.0.1 at 2015-11-18 13:10:35 -0800
  [1m[36mActiveRecord::SchemaMigration Load (0.1ms)[0m  [1mSELECT "schema_migrations".* FROM "schema_migrations"[0m
Processing by TalentsController#index as HTML
  Rendered talents/index.html.erb within layouts/application (49.1ms)
Completed 500 Internal Server Error in 61ms (ActiveRecord: 0.0ms)

ActionView::Template::Error (Missing partial talents/_nav, application/_nav with {:locale=>[:en], :formats=>[:html], :variants=>[], :handlers=>[:erb, :builder, :raw, :ruby, :coffee, :jbuilder]}. Searched in:
  * "/home/nick/Documents/TALENTS/app/views"
):
    2: 
    3: <h1>Listing Talents</h1>
    4: 
    5: <%= render 'nav' %>
    6: 
    7: <table>
    8:   <thead>
  app/views/talents/index.html.erb:5:in `_app_views_talents_index_html_erb___1432199259306106910_69896801424300'


  Rendered /home/nick/.rbenv/versions/2.2.3/lib/ruby/gems/2.2.0/gems/actionpack-4.2.4/lib/action_dispatch/middleware/templates/rescues/_source.erb (4.1ms)
  Rendered /home/nick/.rbenv/versions/2.2.3/lib/ruby/gems/2.2.0/gems/actionpack-4.2.4/lib/action_dispatch/middleware/templates/rescues/_trace.html.erb (1.9ms)
  Rendered /home/nick/.rbenv/versions/2.2.3/lib/ruby/gems/2.2.0/gems/actionpack-4.2.4/lib/action_dispatch/middleware/templates/rescues/_request_and_response.html.erb (1.0ms)
  Rendered /home/nick/.rbenv/versions/2.2.3/lib/ruby/gems/2.2.0/gems/actionpack-4.2.4/lib/action_dispatch/middleware/templates/rescues/template_error.html.erb within rescues/layout (22.2ms)
  Rendered /home/nick/.rbenv/versions/2.2.3/lib/ruby/gems/2.2.0/gems/web-console-2.2.1/lib/web_console/templates/_markup.html.erb (0.3ms)
  Rendered /home/nick/.rbenv/versions/2.2.3/lib/ruby/gems/2.2.0/gems/web-console-2.2.1/lib/web_console/templates/_inner_console_markup.html.erb within layouts/inlined_string (0.2ms)
  Rendered /home/nick/.rbenv/versions/2.2.3/lib/ruby/gems/2.2.0/gems/web-console-2.2.1/lib/web_console/templates/_prompt_box_markup.html.erb within layouts/inlined_string (0.2ms)
  Rendered /home/nick/.rbenv/versions/2.2.3/lib/ruby/gems/2.2.0/gems/web-console-2.2.1/lib/web_console/templates/style.css.erb within layouts/inlined_string (0.2ms)
  Rendered /home/nick/.rbenv/versions/2.2.3/lib/ruby/gems/2.2.0/gems/web-console-2.2.1/lib/web_console/templates/console.js.erb within layouts/javascript (13.3ms)
  Rendered /home/nick/.rbenv/versions/2.2.3/lib/ruby/gems/2.2.0/gems/web-console-2.2.1/lib/web_console/templates/main.js.erb within layouts/javascript (0.2ms)
  Rendered /home/nick/.rbenv/versions/2.2.3/lib/ruby/gems/2.2.0/gems/web-console-2.2.1/lib/web_console/templates/error_page.js.erb within layouts/javascript (0.4ms)
  Rendered /home/nick/.rbenv/versions/2.2.3/lib/ruby/gems/2.2.0/gems/web-console-2.2.1/lib/web_console/templates/index.html.erb (39.9ms)


Started GET "/talents" for 127.0.0.1 at 2015-11-18 13:11:25 -0800
  [1m[36mActiveRecord::SchemaMigration Load (0.1ms)[0m  [1mSELECT "schema_migrations".* FROM "schema_migrations"[0m
Processing by TalentsController#index as HTML
  Rendered talents/_nav.html.erb (0.7ms)
  Rendered talents/index.html.erb within layouts/application (3.3ms)
Completed 500 Internal Server Error in 15ms (ActiveRecord: 0.0ms)

SyntaxError (/home/nick/Documents/TALENTS/app/views/talents/_nav.html.erb:35: syntax error, unexpected keyword_ensure, expecting keyword_end
/home/nick/Documents/TALENTS/app/views/talents/_nav.html.erb:37: syntax error, unexpected end-of-input, expecting keyword_end):
  app/views/talents/_nav.html.erb:35: syntax error, unexpected keyword_ensure, expecting keyword_end
  app/views/talents/_nav.html.erb:37: syntax error, unexpected end-of-input, expecting keyword_end
  app/views/talents/index.html.erb:5:in `_app_views_talents_index_html_erb__3769015580529596946_69897956692900'


  Rendered /home/nick/.rbenv/versions/2.2.3/lib/ruby/gems/2.2.0/gems/actionpack-4.2.4/lib/action_dispatch/middleware/templates/rescues/_source.erb (5.1ms)
  Rendered /home/nick/.rbenv/versions/2.2.3/lib/ruby/gems/2.2.0/gems/actionpack-4.2.4/lib/action_dispatch/middleware/templates/rescues/_trace.html.erb (1.9ms)
  Rendered /home/nick/.rbenv/versions/2.2.3/lib/ruby/gems/2.2.0/gems/actionpack-4.2.4/lib/action_dispatch/middleware/templates/rescues/_request_and_response.html.erb (0.6ms)
  Rendered /home/nick/.rbenv/versions/2.2.3/lib/ruby/gems/2.2.0/gems/actionpack-4.2.4/lib/action_dispatch/middleware/templates/rescues/diagnostics.html.erb within rescues/layout (17.9ms)
  Rendered /home/nick/.rbenv/versions/2.2.3/lib/ruby/gems/2.2.0/gems/web-console-2.2.1/lib/web_console/templates/_markup.html.erb (0.3ms)
  Rendered /home/nick/.rbenv/versions/2.2.3/lib/ruby/gems/2.2.0/gems/web-console-2.2.1/lib/web_console/templates/_inner_console_markup.html.erb within layouts/inlined_string (0.2ms)
  Rendered /home/nick/.rbenv/versions/2.2.3/lib/ruby/gems/2.2.0/gems/web-console-2.2.1/lib/web_console/templates/_prompt_box_markup.html.erb within layouts/inlined_string (0.3ms)
  Rendered /home/nick/.rbenv/versions/2.2.3/lib/ruby/gems/2.2.0/gems/web-console-2.2.1/lib/web_console/templates/style.css.erb within layouts/inlined_string (0.3ms)
  Rendered /home/nick/.rbenv/versions/2.2.3/lib/ruby/gems/2.2.0/gems/web-console-2.2.1/lib/web_console/templates/console.js.erb within layouts/javascript (12.3ms)
  Rendered /home/nick/.rbenv/versions/2.2.3/lib/ruby/gems/2.2.0/gems/web-console-2.2.1/lib/web_console/templates/main.js.erb within layouts/javascript (0.2ms)
  Rendered /home/nick/.rbenv/versions/2.2.3/lib/ruby/gems/2.2.0/gems/web-console-2.2.1/lib/web_console/templates/error_page.js.erb within layouts/javascript (0.2ms)
  Rendered /home/nick/.rbenv/versions/2.2.3/lib/ruby/gems/2.2.0/gems/web-console-2.2.1/lib/web_console/templates/index.html.erb (24.7ms)


Started GET "/talents" for 127.0.0.1 at 2015-11-18 13:12:29 -0800
  [1m[36mActiveRecord::SchemaMigration Load (0.1ms)[0m  [1mSELECT "schema_migrations".* FROM "schema_migrations"[0m
Processing by TalentsController#index as HTML
  Rendered talents/_nav.html.erb (2.1ms)
  Rendered talents/index.html.erb within layouts/application (4.6ms)
Completed 500 Internal Server Error in 15ms (ActiveRecord: 0.0ms)

ActionView::Template::Error (First argument in form cannot contain nil or be empty):
    1: <%= form_for(@talent) do |f| %>
    2:   <% if @talent.errors.any? %>
    3:     <div id="error_explanation">
    4:       <h2><%= pluralize(@talent.errors.count, "error") %> prohibited this talent from being saved:</h2>
  app/views/talents/_nav.html.erb:1:in `_app_views_talents__nav_html_erb___1344051755572580132_70196173894900'
  app/views/talents/index.html.erb:5:in `_app_views_talents_index_html_erb__3690932970439478691_70196173998280'


  Rendered /home/nick/.rbenv/versions/2.2.3/lib/ruby/gems/2.2.0/gems/actionpack-4.2.4/lib/action_dispatch/middleware/templates/rescues/_source.erb (4.5ms)
  Rendered /home/nick/.rbenv/versions/2.2.3/lib/ruby/gems/2.2.0/gems/actionpack-4.2.4/lib/action_dispatch/middleware/templates/rescues/_trace.html.erb (1.7ms)
  Rendered /home/nick/.rbenv/versions/2.2.3/lib/ruby/gems/2.2.0/gems/actionpack-4.2.4/lib/action_dispatch/middleware/templates/rescues/_request_and_response.html.erb (0.6ms)
  Rendered /home/nick/.rbenv/versions/2.2.3/lib/ruby/gems/2.2.0/gems/actionpack-4.2.4/lib/action_dispatch/middleware/templates/rescues/template_error.html.erb within rescues/layout (17.0ms)
  Rendered /home/nick/.rbenv/versions/2.2.3/lib/ruby/gems/2.2.0/gems/web-console-2.2.1/lib/web_console/templates/_markup.html.erb (0.3ms)
  Rendered /home/nick/.rbenv/versions/2.2.3/lib/ruby/gems/2.2.0/gems/web-console-2.2.1/lib/web_console/templates/_inner_console_markup.html.erb within layouts/inlined_string (0.2ms)
  Rendered /home/nick/.rbenv/versions/2.2.3/lib/ruby/gems/2.2.0/gems/web-console-2.2.1/lib/web_console/templates/_prompt_box_markup.html.erb within layouts/inlined_string (0.2ms)
  Rendered /home/nick/.rbenv/versions/2.2.3/lib/ruby/gems/2.2.0/gems/web-console-2.2.1/lib/web_console/templates/style.css.erb within layouts/inlined_string (0.4ms)
  Rendered /home/nick/.rbenv/versions/2.2.3/lib/ruby/gems/2.2.0/gems/web-console-2.2.1/lib/web_console/templates/console.js.erb within layouts/javascript (12.6ms)
  Rendered /home/nick/.rbenv/versions/2.2.3/lib/ruby/gems/2.2.0/gems/web-console-2.2.1/lib/web_console/templates/main.js.erb within layouts/javascript (0.2ms)
  Rendered /home/nick/.rbenv/versions/2.2.3/lib/ruby/gems/2.2.0/gems/web-console-2.2.1/lib/web_console/templates/error_page.js.erb within layouts/javascript (0.3ms)
  Rendered /home/nick/.rbenv/versions/2.2.3/lib/ruby/gems/2.2.0/gems/web-console-2.2.1/lib/web_console/templates/index.html.erb (25.0ms)


Started GET "/talents" for 127.0.0.1 at 2015-11-18 13:13:31 -0800
  [1m[36mActiveRecord::SchemaMigration Load (0.1ms)[0m  [1mSELECT "schema_migrations".* FROM "schema_migrations"[0m
Processing by TalentsController#index as HTML
  Rendered talents/_nav.html.erb (0.8ms)
  Rendered talents/index.html.erb within layouts/application (3.4ms)
Completed 500 Internal Server Error in 15ms (ActiveRecord: 0.0ms)

SyntaxError (/home/nick/Documents/TALENTS/app/views/talents/_nav.html.erb:24: syntax error, unexpected keyword_ensure, expecting end-of-input):
  app/views/talents/_nav.html.erb:24: syntax error, unexpected keyword_ensure, expecting end-of-input
  app/views/talents/index.html.erb:5:in `_app_views_talents_index_html_erb__857690428526922123_69966806306580'


  Rendered /home/nick/.rbenv/versions/2.2.3/lib/ruby/gems/2.2.0/gems/actionpack-4.2.4/lib/action_dispatch/middleware/templates/rescues/_source.erb (4.6ms)
  Rendered /home/nick/.rbenv/versions/2.2.3/lib/ruby/gems/2.2.0/gems/actionpack-4.2.4/lib/action_dispatch/middleware/templates/rescues/_trace.html.erb (1.9ms)
  Rendered /home/nick/.rbenv/versions/2.2.3/lib/ruby/gems/2.2.0/gems/actionpack-4.2.4/lib/action_dispatch/middleware/templates/rescues/_request_and_response.html.erb (0.7ms)
  Rendered /home/nick/.rbenv/versions/2.2.3/lib/ruby/gems/2.2.0/gems/actionpack-4.2.4/lib/action_dispatch/middleware/templates/rescues/diagnostics.html.erb within rescues/layout (17.4ms)
  Rendered /home/nick/.rbenv/versions/2.2.3/lib/ruby/gems/2.2.0/gems/web-console-2.2.1/lib/web_console/templates/_markup.html.erb (0.3ms)
  Rendered /home/nick/.rbenv/versions/2.2.3/lib/ruby/gems/2.2.0/gems/web-console-2.2.1/lib/web_console/templates/_inner_console_markup.html.erb within layouts/inlined_string (0.2ms)
  Rendered /home/nick/.rbenv/versions/2.2.3/lib/ruby/gems/2.2.0/gems/web-console-2.2.1/lib/web_console/templates/_prompt_box_markup.html.erb within layouts/inlined_string (0.3ms)
  Rendered /home/nick/.rbenv/versions/2.2.3/lib/ruby/gems/2.2.0/gems/web-console-2.2.1/lib/web_console/templates/style.css.erb within layouts/inlined_string (0.4ms)
  Rendered /home/nick/.rbenv/versions/2.2.3/lib/ruby/gems/2.2.0/gems/web-console-2.2.1/lib/web_console/templates/console.js.erb within layouts/javascript (12.9ms)
  Rendered /home/nick/.rbenv/versions/2.2.3/lib/ruby/gems/2.2.0/gems/web-console-2.2.1/lib/web_console/templates/main.js.erb within layouts/javascript (0.2ms)
  Rendered /home/nick/.rbenv/versions/2.2.3/lib/ruby/gems/2.2.0/gems/web-console-2.2.1/lib/web_console/templates/error_page.js.erb within layouts/javascript (0.2ms)
  Rendered /home/nick/.rbenv/versions/2.2.3/lib/ruby/gems/2.2.0/gems/web-console-2.2.1/lib/web_console/templates/index.html.erb (25.0ms)


Started GET "/talents" for 127.0.0.1 at 2015-11-18 13:13:58 -0800
  [1m[36mActiveRecord::SchemaMigration Load (0.1ms)[0m  [1mSELECT "schema_migrations".* FROM "schema_migrations"[0m
Processing by TalentsController#index as HTML
  Rendered talents/_nav.html.erb (0.6ms)
  Rendered talents/index.html.erb within layouts/application (3.2ms)
Completed 500 Internal Server Error in 15ms (ActiveRecord: 0.0ms)

SyntaxError (/home/nick/Documents/TALENTS/app/views/talents/_nav.html.erb:24: syntax error, unexpected keyword_ensure, expecting end-of-input):
  app/views/talents/_nav.html.erb:24: syntax error, unexpected keyword_ensure, expecting end-of-input
  app/views/talents/index.html.erb:5:in `_app_views_talents_index_html_erb__687022208375394950_69924215482240'


  Rendered /home/nick/.rbenv/versions/2.2.3/lib/ruby/gems/2.2.0/gems/actionpack-4.2.4/lib/action_dispatch/middleware/templates/rescues/_source.erb (4.6ms)
  Rendered /home/nick/.rbenv/versions/2.2.3/lib/ruby/gems/2.2.0/gems/actionpack-4.2.4/lib/action_dispatch/middleware/templates/rescues/_trace.html.erb (1.9ms)
  Rendered /home/nick/.rbenv/versions/2.2.3/lib/ruby/gems/2.2.0/gems/actionpack-4.2.4/lib/action_dispatch/middleware/templates/rescues/_request_and_response.html.erb (0.6ms)
  Rendered /home/nick/.rbenv/versions/2.2.3/lib/ruby/gems/2.2.0/gems/actionpack-4.2.4/lib/action_dispatch/middleware/templates/rescues/diagnostics.html.erb within rescues/layout (17.5ms)
  Rendered /home/nick/.rbenv/versions/2.2.3/lib/ruby/gems/2.2.0/gems/web-console-2.2.1/lib/web_console/templates/_markup.html.erb (0.3ms)
  Rendered /home/nick/.rbenv/versions/2.2.3/lib/ruby/gems/2.2.0/gems/web-console-2.2.1/lib/web_console/templates/_inner_console_markup.html.erb within layouts/inlined_string (0.2ms)
  Rendered /home/nick/.rbenv/versions/2.2.3/lib/ruby/gems/2.2.0/gems/web-console-2.2.1/lib/web_console/templates/_prompt_box_markup.html.erb within layouts/inlined_string (0.2ms)
  Rendered /home/nick/.rbenv/versions/2.2.3/lib/ruby/gems/2.2.0/gems/web-console-2.2.1/lib/web_console/templates/style.css.erb within layouts/inlined_string (0.4ms)
  Rendered /home/nick/.rbenv/versions/2.2.3/lib/ruby/gems/2.2.0/gems/web-console-2.2.1/lib/web_console/templates/console.js.erb within layouts/javascript (12.9ms)
  Rendered /home/nick/.rbenv/versions/2.2.3/lib/ruby/gems/2.2.0/gems/web-console-2.2.1/lib/web_console/templates/main.js.erb within layouts/javascript (0.2ms)
  Rendered /home/nick/.rbenv/versions/2.2.3/lib/ruby/gems/2.2.0/gems/web-console-2.2.1/lib/web_console/templates/error_page.js.erb within layouts/javascript (0.2ms)
  Rendered /home/nick/.rbenv/versions/2.2.3/lib/ruby/gems/2.2.0/gems/web-console-2.2.1/lib/web_console/templates/index.html.erb (25.5ms)


Started GET "/talents" for 127.0.0.1 at 2015-11-18 13:14:08 -0800
  [1m[36mActiveRecord::SchemaMigration Load (0.1ms)[0m  [1mSELECT "schema_migrations".* FROM "schema_migrations"[0m
Processing by TalentsController#index as HTML
  Rendered talents/_nav.html.erb (0.2ms)
  [1m[35mTalent Load (0.1ms)[0m  SELECT "talents".* FROM "talents"
  Rendered talents/index.html.erb within layouts/application (8.1ms)
Completed 200 OK in 137ms (Views: 128.7ms | ActiveRecord: 0.3ms)


Started GET "/assets/styles.self-fe15eae685ae057952148b47f107fa43271fc1121459176657f5df236c20c90d.css?body=1" for 127.0.0.1 at 2015-11-18 13:14:09 -0800


Started GET "/assets/bootstrap.min.self-6655d1384d1509415d234003e6f81cf5de3d688790aaadc1091aa5bb5795b1f1.css?body=1" for 127.0.0.1 at 2015-11-18 13:14:09 -0800


Started GET "/assets/bootstrap.self-6c92f650931beefe48977f272b7015d6b9b45da8b09831ebf88e05193c12d355.js?body=1" for 127.0.0.1 at 2015-11-18 13:14:09 -0800


Started GET "/assets/bootstrap.min.self-075878ec6a19d24f3b46052eb9e0e5bb5c2a098ac50d05d8e3a21309d129273a.js?body=1" for 127.0.0.1 at 2015-11-18 13:14:09 -0800


Started GET "/assets/turbolinks.self-c37727e9bd6b2735da5c311aa83fead54ed0be6cc8bd9a65309e9c5abe2cbfff.js?body=1" for 127.0.0.1 at 2015-11-18 13:14:09 -0800


Started GET "/assets/jquery.self-a714331225dda820228db323939889f149aec0127aeb06255646b616ba1ca419.js?body=1" for 127.0.0.1 at 2015-11-18 13:14:09 -0800


Started GET "/assets/jquery_ujs.self-d456baa54c1fa6be2ec3711f0a72ddf7a5b2f34a6b4f515f33767d6207b7d4b3.js?body=1" for 127.0.0.1 at 2015-11-18 13:14:09 -0800


Started GET "/assets/npm.self-f66d504f2cd5bddaaade9c854b02828e5e46d225517ab9feebe1af2615566b1e.js?body=1" for 127.0.0.1 at 2015-11-18 13:14:09 -0800


Started GET "/assets/talents.self-877aef30ae1b040ab8a3aba4e3e309a11d7f2612f44dde450b5c157aa5f95c05.js?body=1" for 127.0.0.1 at 2015-11-18 13:14:09 -0800


Started GET "/assets/application.self-f8806224e027f3e3f0138ea9ce99319e298dfdb323304d1f1be6eae8e8c74724.js?body=1" for 127.0.0.1 at 2015-11-18 13:14:09 -0800


Started GET "/assets/application.self-0cb69ba8e460a6891e32628e5eb8005ef59342ae62e8b3461d6b484e32405810.css?body=1" for 127.0.0.1 at 2015-11-18 13:14:09 -0800


Started GET "/talents" for 127.0.0.1 at 2015-11-18 13:15:25 -0800
  [1m[36mActiveRecord::SchemaMigration Load (0.1ms)[0m  [1mSELECT "schema_migrations".* FROM "schema_migrations"[0m
Processing by TalentsController#index as HTML
  Rendered talents/_nav.html.erb (0.2ms)
  [1m[35mTalent Load (0.1ms)[0m  SELECT "talents".* FROM "talents"
  Rendered talents/index.html.erb within layouts/application (8.0ms)
Completed 200 OK in 136ms (Views: 127.9ms | ActiveRecord: 0.3ms)


Started GET "/assets/application.self-0cb69ba8e460a6891e32628e5eb8005ef59342ae62e8b3461d6b484e32405810.css?body=1" for 127.0.0.1 at 2015-11-18 13:15:26 -0800


Started GET "/assets/styles.self-fe15eae685ae057952148b47f107fa43271fc1121459176657f5df236c20c90d.css?body=1" for 127.0.0.1 at 2015-11-18 13:15:26 -0800


Started GET "/assets/bootstrap.min.self-6655d1384d1509415d234003e6f81cf5de3d688790aaadc1091aa5bb5795b1f1.css?body=1" for 127.0.0.1 at 2015-11-18 13:15:26 -0800


Started GET "/assets/jquery.self-a714331225dda820228db323939889f149aec0127aeb06255646b616ba1ca419.js?body=1" for 127.0.0.1 at 2015-11-18 13:15:26 -0800


Started GET "/assets/bootstrap.self-6c92f650931beefe48977f272b7015d6b9b45da8b09831ebf88e05193c12d355.js?body=1" for 127.0.0.1 at 2015-11-18 13:15:26 -0800


Started GET "/assets/turbolinks.self-c37727e9bd6b2735da5c311aa83fead54ed0be6cc8bd9a65309e9c5abe2cbfff.js?body=1" for 127.0.0.1 at 2015-11-18 13:15:26 -0800


Started GET "/assets/jquery_ujs.self-d456baa54c1fa6be2ec3711f0a72ddf7a5b2f34a6b4f515f33767d6207b7d4b3.js?body=1" for 127.0.0.1 at 2015-11-18 13:15:26 -0800


Started GET "/assets/bootstrap.min.self-075878ec6a19d24f3b46052eb9e0e5bb5c2a098ac50d05d8e3a21309d129273a.js?body=1" for 127.0.0.1 at 2015-11-18 13:15:26 -0800


Started GET "/assets/npm.self-f66d504f2cd5bddaaade9c854b02828e5e46d225517ab9feebe1af2615566b1e.js?body=1" for 127.0.0.1 at 2015-11-18 13:15:26 -0800


Started GET "/assets/talents.self-877aef30ae1b040ab8a3aba4e3e309a11d7f2612f44dde450b5c157aa5f95c05.js?body=1" for 127.0.0.1 at 2015-11-18 13:15:26 -0800


Started GET "/assets/application.self-f8806224e027f3e3f0138ea9ce99319e298dfdb323304d1f1be6eae8e8c74724.js?body=1" for 127.0.0.1 at 2015-11-18 13:15:26 -0800


Started GET "/talents" for 127.0.0.1 at 2015-11-18 13:17:33 -0800
  [1m[36mActiveRecord::SchemaMigration Load (0.1ms)[0m  [1mSELECT "schema_migrations".* FROM "schema_migrations"[0m
Processing by TalentsController#index as HTML
  Rendered talents/_nav.html.erb (0.2ms)
  [1m[35mTalent Load (0.1ms)[0m  SELECT "talents".* FROM "talents"
  Rendered talents/index.html.erb within layouts/application (8.3ms)
Completed 200 OK in 138ms (Views: 129.0ms | ActiveRecord: 0.3ms)


Started GET "/assets/application.self-0cb69ba8e460a6891e32628e5eb8005ef59342ae62e8b3461d6b484e32405810.css?body=1" for 127.0.0.1 at 2015-11-18 13:17:33 -0800


Started GET "/assets/styles.self-fe15eae685ae057952148b47f107fa43271fc1121459176657f5df236c20c90d.css?body=1" for 127.0.0.1 at 2015-11-18 13:17:33 -0800


Started GET "/assets/turbolinks.self-c37727e9bd6b2735da5c311aa83fead54ed0be6cc8bd9a65309e9c5abe2cbfff.js?body=1" for 127.0.0.1 at 2015-11-18 13:17:33 -0800


Started GET "/assets/bootstrap.min.self-6655d1384d1509415d234003e6f81cf5de3d688790aaadc1091aa5bb5795b1f1.css?body=1" for 127.0.0.1 at 2015-11-18 13:17:33 -0800


Started GET "/assets/bootstrap.self-6c92f650931beefe48977f272b7015d6b9b45da8b09831ebf88e05193c12d355.js?body=1" for 127.0.0.1 at 2015-11-18 13:17:33 -0800


Started GET "/assets/jquery_ujs.self-d456baa54c1fa6be2ec3711f0a72ddf7a5b2f34a6b4f515f33767d6207b7d4b3.js?body=1" for 127.0.0.1 at 2015-11-18 13:17:33 -0800


Started GET "/assets/jquery.self-a714331225dda820228db323939889f149aec0127aeb06255646b616ba1ca419.js?body=1" for 127.0.0.1 at 2015-11-18 13:17:33 -0800


Started GET "/assets/bootstrap.min.self-075878ec6a19d24f3b46052eb9e0e5bb5c2a098ac50d05d8e3a21309d129273a.js?body=1" for 127.0.0.1 at 2015-11-18 13:17:33 -0800


Started GET "/assets/npm.self-f66d504f2cd5bddaaade9c854b02828e5e46d225517ab9feebe1af2615566b1e.js?body=1" for 127.0.0.1 at 2015-11-18 13:17:33 -0800


Started GET "/assets/talents.self-877aef30ae1b040ab8a3aba4e3e309a11d7f2612f44dde450b5c157aa5f95c05.js?body=1" for 127.0.0.1 at 2015-11-18 13:17:33 -0800


Started GET "/assets/application.self-f8806224e027f3e3f0138ea9ce99319e298dfdb323304d1f1be6eae8e8c74724.js?body=1" for 127.0.0.1 at 2015-11-18 13:17:33 -0800


Started GET "/talents" for 127.0.0.1 at 2015-11-18 13:20:23 -0800
  [1m[36mActiveRecord::SchemaMigration Load (0.1ms)[0m  [1mSELECT "schema_migrations".* FROM "schema_migrations"[0m
Processing by TalentsController#index as HTML
  Rendered talents/_nav.html.erb (0.4ms)
  [1m[35mTalent Load (0.1ms)[0m  SELECT "talents".* FROM "talents"
  Rendered talents/index.html.erb within layouts/application (7.9ms)
Completed 200 OK in 136ms (Views: 128.1ms | ActiveRecord: 0.4ms)


Started GET "/assets/application.self-0cb69ba8e460a6891e32628e5eb8005ef59342ae62e8b3461d6b484e32405810.css?body=1" for 127.0.0.1 at 2015-11-18 13:20:23 -0800


Started GET "/assets/styles.self-fe15eae685ae057952148b47f107fa43271fc1121459176657f5df236c20c90d.css?body=1" for 127.0.0.1 at 2015-11-18 13:20:23 -0800


Started GET "/assets/turbolinks.self-c37727e9bd6b2735da5c311aa83fead54ed0be6cc8bd9a65309e9c5abe2cbfff.js?body=1" for 127.0.0.1 at 2015-11-18 13:20:23 -0800


Started GET "/assets/bootstrap.self-6c92f650931beefe48977f272b7015d6b9b45da8b09831ebf88e05193c12d355.js?body=1" for 127.0.0.1 at 2015-11-18 13:20:23 -0800


Started GET "/assets/jquery_ujs.self-d456baa54c1fa6be2ec3711f0a72ddf7a5b2f34a6b4f515f33767d6207b7d4b3.js?body=1" for 127.0.0.1 at 2015-11-18 13:20:23 -0800


Started GET "/assets/jquery.self-a714331225dda820228db323939889f149aec0127aeb06255646b616ba1ca419.js?body=1" for 127.0.0.1 at 2015-11-18 13:20:23 -0800


Started GET "/assets/bootstrap.min.self-075878ec6a19d24f3b46052eb9e0e5bb5c2a098ac50d05d8e3a21309d129273a.js?body=1" for 127.0.0.1 at 2015-11-18 13:20:23 -0800


Started GET "/assets/bootstrap.min.self-6655d1384d1509415d234003e6f81cf5de3d688790aaadc1091aa5bb5795b1f1.css?body=1" for 127.0.0.1 at 2015-11-18 13:20:23 -0800


Started GET "/assets/npm.self-f66d504f2cd5bddaaade9c854b02828e5e46d225517ab9feebe1af2615566b1e.js?body=1" for 127.0.0.1 at 2015-11-18 13:20:23 -0800


Started GET "/assets/talents.self-877aef30ae1b040ab8a3aba4e3e309a11d7f2612f44dde450b5c157aa5f95c05.js?body=1" for 127.0.0.1 at 2015-11-18 13:20:23 -0800


Started GET "/assets/application.self-f8806224e027f3e3f0138ea9ce99319e298dfdb323304d1f1be6eae8e8c74724.js?body=1" for 127.0.0.1 at 2015-11-18 13:20:23 -0800


Started GET "/talents/new" for 127.0.0.1 at 2015-11-18 13:20:26 -0800
Processing by TalentsController#new as HTML
  Rendered talents/_form.html.erb (13.3ms)
  Rendered talents/new.html.erb within layouts/application (14.9ms)
Completed 200 OK in 73ms (Views: 71.7ms | ActiveRecord: 0.0ms)


Started GET "/talents" for 127.0.0.1 at 2015-11-18 13:21:41 -0800
  [1m[36mActiveRecord::SchemaMigration Load (0.1ms)[0m  [1mSELECT "schema_migrations".* FROM "schema_migrations"[0m
Processing by TalentsController#index as HTML
  Rendered talents/_nav.html.erb (0.4ms)
  [1m[35mTalent Load (0.1ms)[0m  SELECT "talents".* FROM "talents"
  Rendered talents/index.html.erb within layouts/application (7.9ms)
Completed 200 OK in 136ms (Views: 128.1ms | ActiveRecord: 0.3ms)


Started GET "/assets/application.self-0cb69ba8e460a6891e32628e5eb8005ef59342ae62e8b3461d6b484e32405810.css?body=1" for 127.0.0.1 at 2015-11-18 13:21:41 -0800


Started GET "/assets/jquery.self-a714331225dda820228db323939889f149aec0127aeb06255646b616ba1ca419.js?body=1" for 127.0.0.1 at 2015-11-18 13:21:41 -0800


Started GET "/assets/styles.self-fe15eae685ae057952148b47f107fa43271fc1121459176657f5df236c20c90d.css?body=1" for 127.0.0.1 at 2015-11-18 13:21:41 -0800


Started GET "/assets/bootstrap.min.self-6655d1384d1509415d234003e6f81cf5de3d688790aaadc1091aa5bb5795b1f1.css?body=1" for 127.0.0.1 at 2015-11-18 13:21:41 -0800


Started GET "/assets/jquery_ujs.self-d456baa54c1fa6be2ec3711f0a72ddf7a5b2f34a6b4f515f33767d6207b7d4b3.js?body=1" for 127.0.0.1 at 2015-11-18 13:21:41 -0800


Started GET "/assets/turbolinks.self-c37727e9bd6b2735da5c311aa83fead54ed0be6cc8bd9a65309e9c5abe2cbfff.js?body=1" for 127.0.0.1 at 2015-11-18 13:21:41 -0800


Started GET "/assets/bootstrap.self-6c92f650931beefe48977f272b7015d6b9b45da8b09831ebf88e05193c12d355.js?body=1" for 127.0.0.1 at 2015-11-18 13:21:41 -0800


Started GET "/assets/bootstrap.min.self-075878ec6a19d24f3b46052eb9e0e5bb5c2a098ac50d05d8e3a21309d129273a.js?body=1" for 127.0.0.1 at 2015-11-18 13:21:41 -0800


Started GET "/assets/npm.self-f66d504f2cd5bddaaade9c854b02828e5e46d225517ab9feebe1af2615566b1e.js?body=1" for 127.0.0.1 at 2015-11-18 13:21:41 -0800


Started GET "/assets/talents.self-877aef30ae1b040ab8a3aba4e3e309a11d7f2612f44dde450b5c157aa5f95c05.js?body=1" for 127.0.0.1 at 2015-11-18 13:21:41 -0800


Started GET "/assets/application.self-f8806224e027f3e3f0138ea9ce99319e298dfdb323304d1f1be6eae8e8c74724.js?body=1" for 127.0.0.1 at 2015-11-18 13:21:41 -0800
  [1m[36mActiveRecord::SchemaMigration Load (0.1ms)[0m  [1mSELECT "schema_migrations".* FROM "schema_migrations"[0m
Migrating to DeviseCreateUsers (20151118214533)
  [1m[35m (0.1ms)[0m  begin transaction
  [1m[36m (0.3ms)[0m  [1mCREATE TABLE "users" ("id" INTEGER PRIMARY KEY AUTOINCREMENT NOT NULL, "email" varchar DEFAULT '' NOT NULL, "encrypted_password" varchar DEFAULT '' NOT NULL, "reset_password_token" varchar, "reset_password_sent_at" datetime, "remember_created_at" datetime, "sign_in_count" integer DEFAULT 0 NOT NULL, "current_sign_in_at" datetime, "last_sign_in_at" datetime, "current_sign_in_ip" varchar, "last_sign_in_ip" varchar, "created_at" datetime NOT NULL, "updated_at" datetime NOT NULL) [0m
  [1m[35m (0.0ms)[0m  select sqlite_version(*)
  [1m[36m (0.1ms)[0m  [1mCREATE UNIQUE INDEX "index_users_on_email" ON "users" ("email")[0m
  [1m[35m (0.1ms)[0m              SELECT sql
            FROM sqlite_master
            WHERE name='index_users_on_email' AND type='index'
            UNION ALL
            SELECT sql
            FROM sqlite_temp_master
            WHERE name='index_users_on_email' AND type='index'

  [1m[36m (0.1ms)[0m  [1mCREATE UNIQUE INDEX "index_users_on_reset_password_token" ON "users" ("reset_password_token")[0m
  [1m[35mSQL (0.1ms)[0m  INSERT INTO "schema_migrations" ("version") VALUES (?)  [["version", "20151118214533"]]
  [1m[36m (93.5ms)[0m  [1mcommit transaction[0m
  [1m[35mActiveRecord::SchemaMigration Load (0.1ms)[0m  SELECT "schema_migrations".* FROM "schema_migrations"
  [1m[36m (0.1ms)[0m  [1m            SELECT sql
            FROM sqlite_master
            WHERE name='index_users_on_reset_password_token' AND type='index'
            UNION ALL
            SELECT sql
            FROM sqlite_temp_master
            WHERE name='index_users_on_reset_password_token' AND type='index'
[0m
  [1m[35m (0.1ms)[0m              SELECT sql
            FROM sqlite_master
            WHERE name='index_users_on_email' AND type='index'
            UNION ALL
            SELECT sql
            FROM sqlite_temp_master
            WHERE name='index_users_on_email' AND type='index'



Started GET "/users/sign_up" for 127.0.0.1 at 2015-11-18 13:46:36 -0800
  [1m[36mActiveRecord::SchemaMigration Load (0.1ms)[0m  [1mSELECT "schema_migrations".* FROM "schema_migrations"[0m
Processing by Devise::RegistrationsController#new as HTML
  Rendered /home/nick/.rbenv/versions/2.2.3/lib/ruby/gems/2.2.0/gems/devise-3.5.2/app/views/devise/shared/_links.html.erb (0.8ms)
  Rendered /home/nick/.rbenv/versions/2.2.3/lib/ruby/gems/2.2.0/gems/devise-3.5.2/app/views/devise/registrations/new.html.erb within layouts/application (65.8ms)
Completed 500 Internal Server Error in 90ms (ActiveRecord: 0.3ms)

SyntaxError (/home/nick/Documents/TALENTS/app/views/layouts/application.html.erb:11: syntax error, unexpected ')', expecting keyword_then or ';' or '\n'
...put_buffer.append=( if notice );@output_buffer.safe_append='
...                               ^
/home/nick/Documents/TALENTS/app/views/layouts/application.html.erb:13: syntax error, unexpected keyword_end, expecting ')'
'.freeze; end 
             ^
/home/nick/Documents/TALENTS/app/views/layouts/application.html.erb:23: syntax error, unexpected keyword_ensure, expecting ')'
/home/nick/Documents/TALENTS/app/views/layouts/application.html.erb:25: syntax error, unexpected keyword_end, expecting ')'):
  app/views/layouts/application.html.erb:11: syntax error, unexpected ')', expecting keyword_then or ';' or '\n'
  app/views/layouts/application.html.erb:13: syntax error, unexpected keyword_end, expecting ')'
  app/views/layouts/application.html.erb:23: syntax error, unexpected keyword_ensure, expecting ')'
  app/views/layouts/application.html.erb:25: syntax error, unexpected keyword_end, expecting ')'


  Rendered /home/nick/.rbenv/versions/2.2.3/lib/ruby/gems/2.2.0/gems/actionpack-4.2.4/lib/action_dispatch/middleware/templates/rescues/_source.erb (4.2ms)
  Rendered /home/nick/.rbenv/versions/2.2.3/lib/ruby/gems/2.2.0/gems/actionpack-4.2.4/lib/action_dispatch/middleware/templates/rescues/_trace.html.erb (1.9ms)
  Rendered /home/nick/.rbenv/versions/2.2.3/lib/ruby/gems/2.2.0/gems/actionpack-4.2.4/lib/action_dispatch/middleware/templates/rescues/_request_and_response.html.erb (0.7ms)
  Rendered /home/nick/.rbenv/versions/2.2.3/lib/ruby/gems/2.2.0/gems/actionpack-4.2.4/lib/action_dispatch/middleware/templates/rescues/diagnostics.html.erb within rescues/layout (17.4ms)
  Rendered /home/nick/.rbenv/versions/2.2.3/lib/ruby/gems/2.2.0/gems/web-console-2.2.1/lib/web_console/templates/_markup.html.erb (0.2ms)
  Rendered /home/nick/.rbenv/versions/2.2.3/lib/ruby/gems/2.2.0/gems/web-console-2.2.1/lib/web_console/templates/_inner_console_markup.html.erb within layouts/inlined_string (0.2ms)
  Rendered /home/nick/.rbenv/versions/2.2.3/lib/ruby/gems/2.2.0/gems/web-console-2.2.1/lib/web_console/templates/_prompt_box_markup.html.erb within layouts/inlined_string (0.3ms)
  Rendered /home/nick/.rbenv/versions/2.2.3/lib/ruby/gems/2.2.0/gems/web-console-2.2.1/lib/web_console/templates/style.css.erb within layouts/inlined_string (0.3ms)
  Rendered /home/nick/.rbenv/versions/2.2.3/lib/ruby/gems/2.2.0/gems/web-console-2.2.1/lib/web_console/templates/console.js.erb within layouts/javascript (12.6ms)
  Rendered /home/nick/.rbenv/versions/2.2.3/lib/ruby/gems/2.2.0/gems/web-console-2.2.1/lib/web_console/templates/main.js.erb within layouts/javascript (0.2ms)
  Rendered /home/nick/.rbenv/versions/2.2.3/lib/ruby/gems/2.2.0/gems/web-console-2.2.1/lib/web_console/templates/error_page.js.erb within layouts/javascript (0.2ms)
  Rendered /home/nick/.rbenv/versions/2.2.3/lib/ruby/gems/2.2.0/gems/web-console-2.2.1/lib/web_console/templates/index.html.erb (24.3ms)


Started GET "/users/sign_up" for 127.0.0.1 at 2015-11-18 13:49:39 -0800
  [1m[36mActiveRecord::SchemaMigration Load (0.1ms)[0m  [1mSELECT "schema_migrations".* FROM "schema_migrations"[0m
Processing by Devise::RegistrationsController#new as HTML
  Rendered /home/nick/.rbenv/versions/2.2.3/lib/ruby/gems/2.2.0/gems/devise-3.5.2/app/views/devise/shared/_links.html.erb (0.9ms)
  Rendered /home/nick/.rbenv/versions/2.2.3/lib/ruby/gems/2.2.0/gems/devise-3.5.2/app/views/devise/registrations/new.html.erb within layouts/application (17.8ms)
Completed 200 OK in 183ms (Views: 151.2ms | ActiveRecord: 0.3ms)


Started POST "/users" for 127.0.0.1 at 2015-11-18 13:50:05 -0800
Processing by Devise::RegistrationsController#create as HTML
  Parameters: {"utf8"=>"✓", "authenticity_token"=>"Q87YJBM6h5VwxD9KdhQYs6n9yug/IIC5I3P/QSXEFrQEb052exNI93iRVHiw3xIfazfvVQxUdgSkzUKTADpCQg==", "user"=>{"email"=>"avinanick@gmail.com", "password"=>"[FILTERED]", "password_confirmation"=>"[FILTERED]"}, "commit"=>"Sign up"}
  [1m[35m (0.1ms)[0m  begin transaction
  [1m[36mUser Exists (0.1ms)[0m  [1mSELECT  1 AS one FROM "users" WHERE "users"."email" = 'avinanick@gmail.com' LIMIT 1[0m
  [1m[35m (0.1ms)[0m  rollback transaction
  Rendered /home/nick/.rbenv/versions/2.2.3/lib/ruby/gems/2.2.0/gems/devise-3.5.2/app/views/devise/shared/_links.html.erb (0.2ms)
  Rendered /home/nick/.rbenv/versions/2.2.3/lib/ruby/gems/2.2.0/gems/devise-3.5.2/app/views/devise/registrations/new.html.erb within layouts/application (2.6ms)
Completed 200 OK in 223ms (Views: 48.7ms | ActiveRecord: 0.3ms)


Started POST "/users" for 127.0.0.1 at 2015-11-18 13:50:17 -0800
Processing by Devise::RegistrationsController#create as HTML
  Parameters: {"utf8"=>"✓", "authenticity_token"=>"3hHIGS6rzNXSvux7jkeB3Q//yn3S0HhtO1CZzajMhoiZsF5LRoIDt9rrh0lIjItxzTXvwOGkjtC87iQfjTLSfg==", "user"=>{"email"=>"avinanick@gmail.com", "password"=>"[FILTERED]", "password_confirmation"=>"[FILTERED]"}, "commit"=>"Sign up"}
  [1m[36m (0.1ms)[0m  [1mbegin transaction[0m
  [1m[35mUser Exists (0.1ms)[0m  SELECT  1 AS one FROM "users" WHERE "users"."email" = 'avinanick@gmail.com' LIMIT 1
  [1m[36mSQL (0.2ms)[0m  [1mINSERT INTO "users" ("email", "encrypted_password", "created_at", "updated_at") VALUES (?, ?, ?, ?)[0m  [["email", "avinanick@gmail.com"], ["encrypted_password", "$2a$10$v8F67YMbB.WZRKeD6Rx37eCiFvkwgv43lPoLrZLstzcIFC4JFXhoe"], ["created_at", "2015-11-18 21:50:17.798816"], ["updated_at", "2015-11-18 21:50:17.798816"]]
  [1m[35m (161.1ms)[0m  commit transaction
  [1m[36m (0.0ms)[0m  [1mbegin transaction[0m
  [1m[35mSQL (0.2ms)[0m  UPDATE "users" SET "last_sign_in_at" = ?, "current_sign_in_at" = ?, "last_sign_in_ip" = ?, "current_sign_in_ip" = ?, "sign_in_count" = ?, "updated_at" = ? WHERE "users"."id" = ?  [["last_sign_in_at", "2015-11-18 21:50:17.962628"], ["current_sign_in_at", "2015-11-18 21:50:17.962628"], ["last_sign_in_ip", "127.0.0.1"], ["current_sign_in_ip", "127.0.0.1"], ["sign_in_count", 1], ["updated_at", "2015-11-18 21:50:17.963134"], ["id", 1]]
  [1m[36m (126.0ms)[0m  [1mcommit transaction[0m
Redirected to http://localhost:3000/
Completed 302 Found in 367ms (ActiveRecord: 287.8ms)


Started GET "/" for 127.0.0.1 at 2015-11-18 13:50:18 -0800
Processing by Rails::WelcomeController#index as HTML
  Rendered /home/nick/.rbenv/versions/2.2.3/lib/ruby/gems/2.2.0/gems/railties-4.2.4/lib/rails/templates/rails/welcome/index.html.erb (0.8ms)
Completed 200 OK in 17ms (Views: 16.1ms | ActiveRecord: 0.0ms)


Started GET "/talents" for 127.0.0.1 at 2015-11-18 13:51:31 -0800
Processing by TalentsController#index as HTML
  Rendered talents/_nav.html.erb (1.0ms)
  [1m[35mTalent Load (0.1ms)[0m  SELECT "talents".* FROM "talents"
  Rendered talents/index.html.erb within layouts/application (11.6ms)
Completed 200 OK in 51ms (Views: 48.0ms | ActiveRecord: 0.3ms)


Started GET "/assets/application.self-0cb69ba8e460a6891e32628e5eb8005ef59342ae62e8b3461d6b484e32405810.css?body=1" for 127.0.0.1 at 2015-11-18 13:51:31 -0800


Started GET "/assets/bootstrap.min.self-6655d1384d1509415d234003e6f81cf5de3d688790aaadc1091aa5bb5795b1f1.css?body=1" for 127.0.0.1 at 2015-11-18 13:51:31 -0800


Started GET "/assets/jquery_ujs.self-d456baa54c1fa6be2ec3711f0a72ddf7a5b2f34a6b4f515f33767d6207b7d4b3.js?body=1" for 127.0.0.1 at 2015-11-18 13:51:31 -0800


Started GET "/assets/styles.self-fe15eae685ae057952148b47f107fa43271fc1121459176657f5df236c20c90d.css?body=1" for 127.0.0.1 at 2015-11-18 13:51:31 -0800


Started GET "/assets/turbolinks.self-c37727e9bd6b2735da5c311aa83fead54ed0be6cc8bd9a65309e9c5abe2cbfff.js?body=1" for 127.0.0.1 at 2015-11-18 13:51:31 -0800


Started GET "/assets/jquery.self-a714331225dda820228db323939889f149aec0127aeb06255646b616ba1ca419.js?body=1" for 127.0.0.1 at 2015-11-18 13:51:31 -0800


Started GET "/assets/bootstrap.self-6c92f650931beefe48977f272b7015d6b9b45da8b09831ebf88e05193c12d355.js?body=1" for 127.0.0.1 at 2015-11-18 13:51:31 -0800


Started GET "/assets/bootstrap.min.self-075878ec6a19d24f3b46052eb9e0e5bb5c2a098ac50d05d8e3a21309d129273a.js?body=1" for 127.0.0.1 at 2015-11-18 13:51:31 -0800


Started GET "/assets/npm.self-f66d504f2cd5bddaaade9c854b02828e5e46d225517ab9feebe1af2615566b1e.js?body=1" for 127.0.0.1 at 2015-11-18 13:51:31 -0800


Started GET "/assets/talents.self-877aef30ae1b040ab8a3aba4e3e309a11d7f2612f44dde450b5c157aa5f95c05.js?body=1" for 127.0.0.1 at 2015-11-18 13:51:31 -0800


Started GET "/assets/application.self-f8806224e027f3e3f0138ea9ce99319e298dfdb323304d1f1be6eae8e8c74724.js?body=1" for 127.0.0.1 at 2015-11-18 13:51:31 -0800


Started GET "/talent" for 127.0.0.1 at 2015-11-18 13:52:31 -0800

ActionController::RoutingError (No route matches [GET] "/talent"):
  actionpack (4.2.4) lib/action_dispatch/middleware/debug_exceptions.rb:21:in `call'
  web-console (2.2.1) lib/web_console/middleware.rb:39:in `call'
  actionpack (4.2.4) lib/action_dispatch/middleware/show_exceptions.rb:30:in `call'
  railties (4.2.4) lib/rails/rack/logger.rb:38:in `call_app'
  railties (4.2.4) lib/rails/rack/logger.rb:20:in `block in call'
  activesupport (4.2.4) lib/active_support/tagged_logging.rb:68:in `block in tagged'
  activesupport (4.2.4) lib/active_support/tagged_logging.rb:26:in `tagged'
  activesupport (4.2.4) lib/active_support/tagged_logging.rb:68:in `tagged'
  railties (4.2.4) lib/rails/rack/logger.rb:20:in `call'
  actionpack (4.2.4) lib/action_dispatch/middleware/request_id.rb:21:in `call'
  rack (1.6.4) lib/rack/methodoverride.rb:22:in `call'
  rack (1.6.4) lib/rack/runtime.rb:18:in `call'
  activesupport (4.2.4) lib/active_support/cache/strategy/local_cache_middleware.rb:28:in `call'
  rack (1.6.4) lib/rack/lock.rb:17:in `call'
  actionpack (4.2.4) lib/action_dispatch/middleware/static.rb:116:in `call'
  rack (1.6.4) lib/rack/sendfile.rb:113:in `call'
  railties (4.2.4) lib/rails/engine.rb:518:in `call'
  railties (4.2.4) lib/rails/application.rb:165:in `call'
  rack (1.6.4) lib/rack/lock.rb:17:in `call'
  rack (1.6.4) lib/rack/content_length.rb:15:in `call'
  rack (1.6.4) lib/rack/handler/webrick.rb:88:in `service'
  /home/nick/.rbenv/versions/2.2.3/lib/ruby/2.2.0/webrick/httpserver.rb:138:in `service'
  /home/nick/.rbenv/versions/2.2.3/lib/ruby/2.2.0/webrick/httpserver.rb:94:in `run'
  /home/nick/.rbenv/versions/2.2.3/lib/ruby/2.2.0/webrick/server.rb:294:in `block in start_thread'


  Rendered /home/nick/.rbenv/versions/2.2.3/lib/ruby/gems/2.2.0/gems/actionpack-4.2.4/lib/action_dispatch/middleware/templates/rescues/_trace.html.erb (1.3ms)
  Rendered /home/nick/.rbenv/versions/2.2.3/lib/ruby/gems/2.2.0/gems/actionpack-4.2.4/lib/action_dispatch/middleware/templates/routes/_route.html.erb (1.1ms)
  Rendered /home/nick/.rbenv/versions/2.2.3/lib/ruby/gems/2.2.0/gems/actionpack-4.2.4/lib/action_dispatch/middleware/templates/routes/_table.html.erb (4.2ms)
  Rendered /home/nick/.rbenv/versions/2.2.3/lib/ruby/gems/2.2.0/gems/actionpack-4.2.4/lib/action_dispatch/middleware/templates/rescues/_request_and_response.html.erb (0.9ms)
  Rendered /home/nick/.rbenv/versions/2.2.3/lib/ruby/gems/2.2.0/gems/actionpack-4.2.4/lib/action_dispatch/middleware/templates/rescues/routing_error.html.erb within rescues/layout (35.4ms)
  Rendered /home/nick/.rbenv/versions/2.2.3/lib/ruby/gems/2.2.0/gems/web-console-2.2.1/lib/web_console/templates/_markup.html.erb (0.3ms)
  Rendered /home/nick/.rbenv/versions/2.2.3/lib/ruby/gems/2.2.0/gems/web-console-2.2.1/lib/web_console/templates/_inner_console_markup.html.erb within layouts/inlined_string (0.2ms)
  Rendered /home/nick/.rbenv/versions/2.2.3/lib/ruby/gems/2.2.0/gems/web-console-2.2.1/lib/web_console/templates/_prompt_box_markup.html.erb within layouts/inlined_string (0.2ms)
  Rendered /home/nick/.rbenv/versions/2.2.3/lib/ruby/gems/2.2.0/gems/web-console-2.2.1/lib/web_console/templates/style.css.erb within layouts/inlined_string (0.3ms)
  Rendered /home/nick/.rbenv/versions/2.2.3/lib/ruby/gems/2.2.0/gems/web-console-2.2.1/lib/web_console/templates/console.js.erb within layouts/javascript (12.2ms)
  Rendered /home/nick/.rbenv/versions/2.2.3/lib/ruby/gems/2.2.0/gems/web-console-2.2.1/lib/web_console/templates/main.js.erb within layouts/javascript (0.2ms)
  Rendered /home/nick/.rbenv/versions/2.2.3/lib/ruby/gems/2.2.0/gems/web-console-2.2.1/lib/web_console/templates/error_page.js.erb within layouts/javascript (0.2ms)
  Rendered /home/nick/.rbenv/versions/2.2.3/lib/ruby/gems/2.2.0/gems/web-console-2.2.1/lib/web_console/templates/index.html.erb (24.3ms)


Started GET "/talents" for 127.0.0.1 at 2015-11-18 13:53:40 -0800
Processing by TalentsController#index as HTML
  Rendered talents/_nav.html.erb (0.2ms)
  [1m[36mTalent Load (0.2ms)[0m  [1mSELECT "talents".* FROM "talents"[0m
  Rendered talents/index.html.erb within layouts/application (1.8ms)
Completed 200 OK in 32ms (Views: 31.6ms | ActiveRecord: 0.2ms)


Started GET "/talents" for 127.0.0.1 at 2015-11-18 13:54:20 -0800
Processing by TalentsController#index as HTML
  Rendered talents/_nav.html.erb (0.1ms)
  [1m[35mTalent Load (0.1ms)[0m  SELECT "talents".* FROM "talents"
  Rendered talents/index.html.erb within layouts/application (1.2ms)
Completed 200 OK in 31ms (Views: 30.6ms | ActiveRecord: 0.1ms)


Started GET "/talents" for 127.0.0.1 at 2015-11-18 13:54:32 -0800
Processing by TalentsController#index as HTML
  Rendered talents/_nav.html.erb (0.2ms)
  [1m[36mTalent Load (0.2ms)[0m  [1mSELECT "talents".* FROM "talents"[0m
  Rendered talents/index.html.erb within layouts/application (2.1ms)
Completed 200 OK in 33ms (Views: 31.9ms | ActiveRecord: 0.2ms)


Started GET "/assets/application.self-0cb69ba8e460a6891e32628e5eb8005ef59342ae62e8b3461d6b484e32405810.css?body=1" for 127.0.0.1 at 2015-11-18 13:54:32 -0800


Started GET "/assets/bootstrap.self-6c92f650931beefe48977f272b7015d6b9b45da8b09831ebf88e05193c12d355.js?body=1" for 127.0.0.1 at 2015-11-18 13:54:32 -0800


Started GET "/assets/bootstrap.min.self-6655d1384d1509415d234003e6f81cf5de3d688790aaadc1091aa5bb5795b1f1.css?body=1" for 127.0.0.1 at 2015-11-18 13:54:32 -0800


Started GET "/assets/turbolinks.self-c37727e9bd6b2735da5c311aa83fead54ed0be6cc8bd9a65309e9c5abe2cbfff.js?body=1" for 127.0.0.1 at 2015-11-18 13:54:32 -0800


Started GET "/assets/styles.self-fe15eae685ae057952148b47f107fa43271fc1121459176657f5df236c20c90d.css?body=1" for 127.0.0.1 at 2015-11-18 13:54:32 -0800


Started GET "/assets/jquery.self-a714331225dda820228db323939889f149aec0127aeb06255646b616ba1ca419.js?body=1" for 127.0.0.1 at 2015-11-18 13:54:32 -0800


Started GET "/assets/bootstrap.min.self-075878ec6a19d24f3b46052eb9e0e5bb5c2a098ac50d05d8e3a21309d129273a.js?body=1" for 127.0.0.1 at 2015-11-18 13:54:32 -0800


Started GET "/assets/jquery_ujs.self-d456baa54c1fa6be2ec3711f0a72ddf7a5b2f34a6b4f515f33767d6207b7d4b3.js?body=1" for 127.0.0.1 at 2015-11-18 13:54:32 -0800


Started GET "/assets/npm.self-f66d504f2cd5bddaaade9c854b02828e5e46d225517ab9feebe1af2615566b1e.js?body=1" for 127.0.0.1 at 2015-11-18 13:54:32 -0800


Started GET "/assets/talents.self-877aef30ae1b040ab8a3aba4e3e309a11d7f2612f44dde450b5c157aa5f95c05.js?body=1" for 127.0.0.1 at 2015-11-18 13:54:32 -0800


Started GET "/assets/application.self-f8806224e027f3e3f0138ea9ce99319e298dfdb323304d1f1be6eae8e8c74724.js?body=1" for 127.0.0.1 at 2015-11-18 13:54:32 -0800


Started GET "/talents" for 127.0.0.1 at 2015-11-18 13:54:34 -0800
Processing by TalentsController#index as HTML
  Rendered talents/_nav.html.erb (0.3ms)
  [1m[35mTalent Load (0.1ms)[0m  SELECT "talents".* FROM "talents"
  Rendered talents/index.html.erb within layouts/application (2.0ms)
Completed 200 OK in 39ms (Views: 38.5ms | ActiveRecord: 0.1ms)


Started GET "/talents" for 127.0.0.1 at 2015-11-18 13:54:37 -0800
Processing by TalentsController#index as HTML
  Rendered talents/_nav.html.erb (0.4ms)
  [1m[36mTalent Load (0.4ms)[0m  [1mSELECT "talents".* FROM "talents"[0m
  Rendered talents/index.html.erb within layouts/application (4.2ms)
Completed 200 OK in 37ms (Views: 35.6ms | ActiveRecord: 0.4ms)


Started GET "/assets/application.self-0cb69ba8e460a6891e32628e5eb8005ef59342ae62e8b3461d6b484e32405810.css?body=1" for 127.0.0.1 at 2015-11-18 13:54:37 -0800


Started GET "/assets/styles.self-fe15eae685ae057952148b47f107fa43271fc1121459176657f5df236c20c90d.css?body=1" for 127.0.0.1 at 2015-11-18 13:54:37 -0800


Started GET "/assets/bootstrap.min.self-6655d1384d1509415d234003e6f81cf5de3d688790aaadc1091aa5bb5795b1f1.css?body=1" for 127.0.0.1 at 2015-11-18 13:54:37 -0800


Started GET "/assets/jquery.self-a714331225dda820228db323939889f149aec0127aeb06255646b616ba1ca419.js?body=1" for 127.0.0.1 at 2015-11-18 13:54:37 -0800


Started GET "/assets/jquery_ujs.self-d456baa54c1fa6be2ec3711f0a72ddf7a5b2f34a6b4f515f33767d6207b7d4b3.js?body=1" for 127.0.0.1 at 2015-11-18 13:54:37 -0800


Started GET "/assets/turbolinks.self-c37727e9bd6b2735da5c311aa83fead54ed0be6cc8bd9a65309e9c5abe2cbfff.js?body=1" for 127.0.0.1 at 2015-11-18 13:54:37 -0800


Started GET "/assets/bootstrap.self-6c92f650931beefe48977f272b7015d6b9b45da8b09831ebf88e05193c12d355.js?body=1" for 127.0.0.1 at 2015-11-18 13:54:37 -0800


Started GET "/assets/bootstrap.min.self-075878ec6a19d24f3b46052eb9e0e5bb5c2a098ac50d05d8e3a21309d129273a.js?body=1" for 127.0.0.1 at 2015-11-18 13:54:37 -0800


Started GET "/assets/npm.self-f66d504f2cd5bddaaade9c854b02828e5e46d225517ab9feebe1af2615566b1e.js?body=1" for 127.0.0.1 at 2015-11-18 13:54:37 -0800


Started GET "/assets/talents.self-877aef30ae1b040ab8a3aba4e3e309a11d7f2612f44dde450b5c157aa5f95c05.js?body=1" for 127.0.0.1 at 2015-11-18 13:54:37 -0800


Started GET "/assets/application.self-f8806224e027f3e3f0138ea9ce99319e298dfdb323304d1f1be6eae8e8c74724.js?body=1" for 127.0.0.1 at 2015-11-18 13:54:37 -0800


Started GET "/talents" for 127.0.0.1 at 2015-11-18 13:57:23 -0800
Processing by TalentsController#index as HTML
  [1m[35mUser Load (0.1ms)[0m  SELECT  "users".* FROM "users" WHERE "users"."id" = ?  ORDER BY "users"."id" ASC LIMIT 1  [["id", 1]]
  Rendered talents/_nav.html.erb (0.7ms)
  [1m[36mTalent Load (0.1ms)[0m  [1mSELECT "talents".* FROM "talents"[0m
  Rendered talents/index.html.erb within layouts/application (4.9ms)
Completed 200 OK in 41ms (Views: 31.2ms | ActiveRecord: 1.0ms)


Started GET "/assets/application.self-0cb69ba8e460a6891e32628e5eb8005ef59342ae62e8b3461d6b484e32405810.css?body=1" for 127.0.0.1 at 2015-11-18 13:57:23 -0800


Started GET "/assets/styles.self-fe15eae685ae057952148b47f107fa43271fc1121459176657f5df236c20c90d.css?body=1" for 127.0.0.1 at 2015-11-18 13:57:23 -0800


Started GET "/assets/jquery_ujs.self-d456baa54c1fa6be2ec3711f0a72ddf7a5b2f34a6b4f515f33767d6207b7d4b3.js?body=1" for 127.0.0.1 at 2015-11-18 13:57:23 -0800


Started GET "/assets/turbolinks.self-c37727e9bd6b2735da5c311aa83fead54ed0be6cc8bd9a65309e9c5abe2cbfff.js?body=1" for 127.0.0.1 at 2015-11-18 13:57:23 -0800


Started GET "/assets/bootstrap.self-6c92f650931beefe48977f272b7015d6b9b45da8b09831ebf88e05193c12d355.js?body=1" for 127.0.0.1 at 2015-11-18 13:57:23 -0800


Started GET "/assets/jquery.self-a714331225dda820228db323939889f149aec0127aeb06255646b616ba1ca419.js?body=1" for 127.0.0.1 at 2015-11-18 13:57:23 -0800


Started GET "/assets/bootstrap.min.self-6655d1384d1509415d234003e6f81cf5de3d688790aaadc1091aa5bb5795b1f1.css?body=1" for 127.0.0.1 at 2015-11-18 13:57:23 -0800


Started GET "/assets/bootstrap.min.self-075878ec6a19d24f3b46052eb9e0e5bb5c2a098ac50d05d8e3a21309d129273a.js?body=1" for 127.0.0.1 at 2015-11-18 13:57:23 -0800


Started GET "/assets/npm.self-f66d504f2cd5bddaaade9c854b02828e5e46d225517ab9feebe1af2615566b1e.js?body=1" for 127.0.0.1 at 2015-11-18 13:57:23 -0800


Started GET "/assets/application.self-f8806224e027f3e3f0138ea9ce99319e298dfdb323304d1f1be6eae8e8c74724.js?body=1" for 127.0.0.1 at 2015-11-18 13:57:23 -0800


Started GET "/assets/talents.self-877aef30ae1b040ab8a3aba4e3e309a11d7f2612f44dde450b5c157aa5f95c05.js?body=1" for 127.0.0.1 at 2015-11-18 13:57:23 -0800
